{"name":"T01valueListsOverviewTest1","id":"serenity_demo.ValueListsNoPermissionsStory:T01valueListsOverviewTest1","testCaseName":"serenity_demo.ValueListsNoPermissionsStory","testSteps":[{"number":1,"description":"Open page","duration":8444,"startTime":"2022-05-11T09:24:38.268512400+03:00[Europe/Bucharest]","result":"SUCCESS","precondition":false,"level":0},{"number":2,"description":"STEP: I input the username","duration":136,"startTime":"2022-05-11T09:24:46.717215300+03:00[Europe/Bucharest]","result":"SUCCESS","precondition":false,"level":0},{"number":3,"description":"STEP: I input the password and submit","duration":169,"startTime":"2022-05-11T09:24:46.855102200+03:00[Europe/Bucharest]","result":"SUCCESS","precondition":false,"level":0},{"number":4,"description":"STEP: I open the menu","duration":8743,"startTime":"2022-05-11T09:24:47.025922700+03:00[Europe/Bucharest]","screenshots":[{"screenshot":"3f5243d0f6d8443e4aee38c8884bba8fd641f7438df2087a25bbccbccbfa4aa6.png","htmlSource":"pagesource16226315662965595824.html","timeStamp":1652250295761}],"exception":{"errorType":"net.thucydides.core.webdriver.exceptions.ElementShouldBeEnabledException","message":"Expected enabled element was not enabled","stackTrace":[{"declaringClass":"serenity_demo.steps.TregSteps","methodName":"openMenu","fileName":"TregSteps.java","lineNumber":49},{"declaringClass":"serenity_demo.ValueListsNoPermissionsStory","methodName":"T01valueListsOverviewTest1","fileName":"ValueListsNoPermissionsStory.java","lineNumber":40}],"rootCause":{"errorType":"org.openqa.selenium.TimeoutException","message":"Expected condition failed: waiting for DashboardPage.valueLists to be enabled (tried for 4 second(s) with 100 milliseconds interval)","stackTrace":[{"declaringClass":"serenity_demo.steps.TregSteps","methodName":"openMenu","fileName":"TregSteps.java","lineNumber":49},{"declaringClass":"serenity_demo.ValueListsNoPermissionsStory","methodName":"T01valueListsOverviewTest1","fileName":"ValueListsNoPermissionsStory.java","lineNumber":40}],"rootCause":{"errorType":"org.openqa.selenium.NoSuchElementException","message":"Timed out after 4 seconds. Element not found\nFor documentation on this error, please visit: https://selenium.dev/exceptions/#no_such_element\nBuild info: version: \u00274.1.2\u0027, revision: \u00279a5a329c5a\u0027\nSystem info: host: \u0027PC311177\u0027, ip: \u0027192.168.0.170\u0027, os.name: \u0027Windows 10\u0027, os.arch: \u0027amd64\u0027, os.version: \u002710.0\u0027, java.version: \u002718\u0027\nDriver info: driver.version: unknown","stackTrace":[{"declaringClass":"serenity_demo.steps.TregSteps","methodName":"openMenu","fileName":"TregSteps.java","lineNumber":49},{"declaringClass":"serenity_demo.ValueListsNoPermissionsStory","methodName":"T01valueListsOverviewTest1","fileName":"ValueListsNoPermissionsStory.java","lineNumber":40}]}}},"result":"FAILURE","precondition":false,"level":0}],"userStory":{"id":"serenity_demo.ValueListsNoPermissionsStory","storyName":"Value lists no permissions story","displayName":"Value lists no permissions story","storyClassName":"serenity_demo.ValueListsNoPermissionsStory","path":"serenity_demo","type":"story"},"featureTag":{"name":"Serenity demo/Value lists no permissions story","type":"story","displayName":"Serenity demo/Value lists no permissions story"},"title":"01 Test of the overview of value lists","tags":[{"name":"ValueListsOverview1","type":"tag","displayName":"ValueListsOverview1"},{"name":"Serenity demo/Value lists no permissions story","type":"story","displayName":"Serenity demo/Value lists no permissions story"},{"name":"Smoke","type":"tag","displayName":"Smoke"}],"startTime":"2022-05-11T09:24:37.707929200+03:00[Europe/Bucharest]","duration":18083,"testFailureCause":{"errorType":"net.thucydides.core.webdriver.exceptions.ElementShouldBeEnabledException","message":"Expected enabled element was not enabled\nBuild info: version: \u00274.1.2\u0027, revision: \u00279a5a329c5a\u0027\nSystem info: host: \u0027PC311177\u0027, ip: \u0027192.168.0.170\u0027, os.name: \u0027Windows 10\u0027, os.arch: \u0027amd64\u0027, os.version: \u002710.0\u0027, java.version: \u002718\u0027\nDriver info: driver.version: unknown","stackTrace":[{"declaringClass":"serenity_demo.steps.TregSteps","methodName":"openMenu","fileName":"TregSteps.java","lineNumber":49},{"declaringClass":"serenity_demo.ValueListsNoPermissionsStory","methodName":"T01valueListsOverviewTest1","fileName":"ValueListsNoPermissionsStory.java","lineNumber":40}]},"testFailureClassname":"net.thucydides.core.webdriver.exceptions.ElementShouldBeEnabledException","testFailureMessage":"Expected enabled element was not enabled\nBuild info: version: \u00274.1.2\u0027, revision: \u00279a5a329c5a\u0027\nSystem info: host: \u0027PC311177\u0027, ip: \u0027192.168.0.170\u0027, os.name: \u0027Windows 10\u0027, os.arch: \u0027amd64\u0027, os.version: \u002710.0\u0027, java.version: \u002718\u0027\nDriver info: driver.version: unknown","testFailureSummary":"FAILURE;net.thucydides.core.webdriver.exceptions.ElementShouldBeEnabledException;Expected enabled element was not enabled\nBuild info: version: \u00274.1.2\u0027, revision: \u00279a5a329c5a\u0027\nSystem info: host: \u0027PC311177\u0027, ip: \u0027192.168.0.170\u0027, os.name: \u0027Windows 10\u0027, os.arch: \u0027amd64\u0027, os.version: \u002710.0\u0027, java.version: \u002718\u0027\nDriver info: driver.version: unknown;TregSteps.java","projectKey":"","annotatedResult":"FAILURE","sessionId":"20ab65fff366763d7d573a60991a0511","driver":"chrome","isManualTestingUpToDate":false,"manual":false,"testSource":"JUnit","order":0,"result":"FAILURE"}