<?xml version="1.0" encoding="UTF-8" standalone="no"?><testsuite errors="2" failures="0" name="serenity_demo.ValueListsStory" skipped="0" tests="2" time="6.08" timestamp="2022-06-07 01:10:30"><testcase classname="serenity_demo.ValueListsStory" name="01 Test of the overview of value lists"><error message="Could not instantiate class org.openqa.selenium.chrome.ChromeDriver" type="net.thucydides.core.webdriver.DriverConfigurationError">Could not instantiate class org.openqa.selenium.chrome.ChromeDriver</error><system-err>Could not instantiate class org.openqa.selenium.chrome.ChromeDriver
serenity_demo.steps.LoginSteps.open(LoginSteps.java:19)
serenity_demo.ValueListsStory.init(ValueListsStory.java:37)
</system-err></testcase><testcase classname="serenity_demo.ValueListsStory" name="02 Edit Page for the list Adressmuster und -hinweise"><error message="Could not instantiate class org.openqa.selenium.chrome.ChromeDriver" type="net.thucydides.core.webdriver.DriverConfigurationError">Could not instantiate class org.openqa.selenium.chrome.ChromeDriver</error><system-err>Could not instantiate class org.openqa.selenium.chrome.ChromeDriver
serenity_demo.steps.LoginSteps.open(LoginSteps.java:19)
serenity_demo.ValueListsStory.init(ValueListsStory.java:37)
</system-err></testcase></testsuite>